-------------------------------------------------------------------------------
Test set: com.robinson.projects.sainsburystest.ScraperTaskTest
-------------------------------------------------------------------------------
Tests run: 1, Failures: 1, Errors: 0, Skipped: 0, Time elapsed: 0.041 s <<< FAILURE! - in com.robinson.projects.sainsburystest.ScraperTaskTest
test  Time elapsed: 0.033 s  <<< FAILURE!
org.opentest4j.AssertionFailedError: expected: <true> but was: <false>
	at com.robinson.projects.sainsburystest.ScraperTaskTest.test(ScraperTaskTest.java:11)

